TN:
SF:src/App.jsx
FN:7,(anonymous_0)
FN:16,(anonymous_1)
FN:17,(anonymous_2)
FN:27,(anonymous_3)
FN:79,(anonymous_4)
FN:82,(anonymous_5)
FN:88,(anonymous_6)
FN:104,(anonymous_7)
FN:113,(anonymous_8)
FN:141,(anonymous_9)
FN:153,(anonymous_10)
FN:243,(anonymous_11)
FN:244,(anonymous_12)
FN:258,(anonymous_13)
FN:281,(anonymous_14)
FN:300,(anonymous_15)
FN:301,(anonymous_16)
FN:301,(anonymous_17)
FN:302,(anonymous_18)
FN:302,(anonymous_19)
FN:302,(anonymous_20)
FN:303,(anonymous_21)
FN:305,(anonymous_22)
FN:306,(anonymous_23)
FN:308,(anonymous_24)
FN:311,(anonymous_25)
FN:312,(anonymous_26)
FN:312,(anonymous_27)
FN:313,(anonymous_28)
FN:313,(anonymous_29)
FN:317,(anonymous_30)
FN:327,(anonymous_31)
FN:339,(anonymous_32)
FN:382,(anonymous_33)
FN:414,(anonymous_34)
FN:422,(anonymous_35)
FNF:36
FNH:14
FNDA:17,(anonymous_0)
FNDA:6,(anonymous_1)
FNDA:6,(anonymous_2)
FNDA:6,(anonymous_3)
FNDA:0,(anonymous_4)
FNDA:6,(anonymous_5)
FNDA:6,(anonymous_6)
FNDA:6,(anonymous_7)
FNDA:6,(anonymous_8)
FNDA:0,(anonymous_9)
FNDA:4,(anonymous_10)
FNDA:6,(anonymous_11)
FNDA:3,(anonymous_12)
FNDA:3,(anonymous_13)
FNDA:2,(anonymous_14)
FNDA:0,(anonymous_15)
FNDA:0,(anonymous_16)
FNDA:0,(anonymous_17)
FNDA:0,(anonymous_18)
FNDA:0,(anonymous_19)
FNDA:0,(anonymous_20)
FNDA:0,(anonymous_21)
FNDA:0,(anonymous_22)
FNDA:0,(anonymous_23)
FNDA:0,(anonymous_24)
FNDA:0,(anonymous_25)
FNDA:0,(anonymous_26)
FNDA:0,(anonymous_27)
FNDA:0,(anonymous_28)
FNDA:0,(anonymous_29)
FNDA:0,(anonymous_30)
FNDA:0,(anonymous_31)
FNDA:3,(anonymous_32)
FNDA:0,(anonymous_33)
FNDA:0,(anonymous_34)
FNDA:0,(anonymous_35)
DA:7,2
DA:8,17
DA:9,15
DA:10,15
DA:11,15
DA:12,15
DA:13,15
DA:16,15
DA:17,6
DA:18,6
DA:19,6
DA:20,6
DA:21,6
DA:22,0
DA:24,6
DA:27,6
DA:38,6
DA:49,6
DA:50,6
DA:53,6
DA:55,6
DA:63,6
DA:64,0
DA:68,0
DA:69,0
DA:71,6
DA:75,6
DA:78,6
DA:79,6
DA:80,6
DA:82,6
DA:83,6
DA:88,15
DA:89,6
DA:90,6
DA:91,6
DA:93,6
DA:94,0
DA:95,6
DA:96,0
DA:97,6
DA:98,0
DA:100,6
DA:104,15
DA:105,6
DA:106,0
DA:108,6
DA:113,15
DA:115,6
DA:116,3
DA:117,3
DA:121,3
DA:122,0
DA:126,3
DA:127,0
DA:132,3
DA:133,3
DA:139,3
DA:141,0
DA:142,0
DA:144,0
DA:145,0
DA:146,0
DA:152,3
DA:153,3
DA:155,4
DA:156,4
DA:158,4
DA:165,4
DA:170,4
DA:171,0
DA:174,0
DA:176,0
DA:177,0
DA:182,4
DA:184,4
DA:185,1
DA:186,1
DA:189,1
DA:191,1
DA:197,1
DA:198,1
DA:199,1
DA:204,3
DA:205,0
DA:209,0
DA:213,0
DA:214,0
DA:218,0
DA:223,3
DA:225,0
DA:226,0
DA:230,3
DA:232,0
DA:233,0
DA:237,3
DA:239,0
DA:243,6
DA:244,3
DA:247,3
DA:248,0
DA:250,0
DA:251,0
DA:253,0
DA:257,3
DA:258,3
DA:259,3
DA:262,3
DA:263,3
DA:265,3
DA:266,0
DA:269,3
DA:272,3
DA:274,3
DA:275,1
DA:276,1
DA:280,2
DA:281,2
DA:284,2
DA:285,2
DA:292,2
DA:293,0
DA:297,2
DA:298,2
DA:300,15
DA:301,0
DA:302,15
DA:303,15
DA:305,0
DA:306,0
DA:307,0
DA:308,0
DA:311,15
DA:312,0
DA:313,0
DA:317,15
DA:318,0
DA:321,15
DA:339,3
DA:382,0
DA:414,0
DA:422,0
LF:142
LH:96
BRDA:21,0,0,0
BRDA:21,0,1,6
BRDA:31,1,0,6
BRDA:31,1,1,0
BRDA:33,2,0,6
BRDA:33,2,1,0
BRDA:53,3,0,6
BRDA:53,3,1,0
BRDA:53,4,0,6
BRDA:53,4,1,6
BRDA:63,5,0,0
BRDA:63,5,1,6
BRDA:89,6,0,6
BRDA:89,6,1,0
BRDA:90,7,0,6
BRDA:90,7,1,0
BRDA:93,8,0,0
BRDA:93,8,1,6
BRDA:95,9,0,0
BRDA:95,9,1,6
BRDA:97,10,0,0
BRDA:97,10,1,6
BRDA:105,11,0,0
BRDA:105,11,1,6
BRDA:115,12,0,3
BRDA:115,12,1,3
BRDA:115,13,0,6
BRDA:115,13,1,5
BRDA:115,13,2,4
BRDA:115,13,3,4
BRDA:121,14,0,0
BRDA:121,14,1,3
BRDA:126,15,0,0
BRDA:126,15,1,3
BRDA:126,16,0,3
BRDA:126,16,1,3
BRDA:126,16,2,3
BRDA:139,17,0,0
BRDA:139,17,1,3
BRDA:139,18,0,3
BRDA:139,18,1,3
BRDA:144,19,0,0
BRDA:144,19,1,0
BRDA:165,20,0,4
BRDA:165,20,1,4
BRDA:165,20,2,4
BRDA:170,21,0,0
BRDA:170,21,1,4
BRDA:174,22,0,0
BRDA:174,22,1,0
BRDA:174,23,0,0
BRDA:174,23,1,0
BRDA:182,24,0,4
BRDA:182,24,1,0
BRDA:184,25,0,1
BRDA:184,25,1,3
BRDA:184,26,0,4
BRDA:184,26,1,1
BRDA:197,27,0,1
BRDA:197,27,1,0
BRDA:204,28,0,0
BRDA:204,28,1,3
BRDA:213,29,0,0
BRDA:213,29,1,0
BRDA:223,30,0,0
BRDA:223,30,1,3
BRDA:223,31,0,3
BRDA:223,31,1,0
BRDA:223,31,2,0
BRDA:230,32,0,0
BRDA:230,32,1,3
BRDA:230,33,0,3
BRDA:230,33,1,3
BRDA:230,33,2,3
BRDA:237,34,0,0
BRDA:237,34,1,3
BRDA:237,35,0,3
BRDA:237,35,1,3
BRDA:237,35,2,3
BRDA:237,35,3,3
BRDA:247,36,0,0
BRDA:247,36,1,3
BRDA:247,37,0,3
BRDA:247,37,1,3
BRDA:248,38,0,0
BRDA:248,38,1,0
BRDA:248,38,2,0
BRDA:250,39,0,0
BRDA:250,39,1,0
BRDA:259,40,0,0
BRDA:259,40,1,3
BRDA:265,41,0,0
BRDA:265,41,1,3
BRDA:274,42,0,1
BRDA:274,42,1,2
BRDA:284,43,0,2
BRDA:284,43,1,0
BRDA:284,44,0,2
BRDA:284,44,1,2
BRDA:287,45,0,2
BRDA:287,45,1,0
BRDA:288,46,0,2
BRDA:288,46,1,0
BRDA:292,47,0,0
BRDA:292,47,1,2
BRDA:301,48,0,0
BRDA:301,48,1,0
BRDA:305,49,0,0
BRDA:305,49,1,0
BRDA:307,50,0,0
BRDA:307,50,1,0
BRDA:322,51,0,0
BRDA:322,51,1,15
BRDA:352,52,0,0
BRDA:352,52,1,15
BRDA:354,53,0,0
BRDA:354,53,1,15
BRDA:360,54,0,15
BRDA:360,54,1,0
BRDA:372,55,0,6
BRDA:372,55,1,9
BRDA:377,56,0,0
BRDA:377,56,1,9
BRDA:388,57,0,0
BRDA:388,57,1,9
BRDA:409,58,0,15
BRDA:409,58,1,5
BRF:127
BRH:72
end_of_record
TN:
SF:src/components/ChatSidebar.jsx
FN:6,(anonymous_0)
FN:17,(anonymous_1)
FN:33,(anonymous_2)
FN:40,(anonymous_3)
FN:49,(anonymous_4)
FN:56,(anonymous_5)
FN:60,(anonymous_6)
FN:77,(anonymous_7)
FN:88,(anonymous_8)
FN:97,(anonymous_9)
FN:143,(anonymous_10)
FN:144,(anonymous_11)
FN:155,(anonymous_12)
FN:156,(anonymous_13)
FN:168,(anonymous_14)
FN:169,(anonymous_15)
FN:181,(anonymous_16)
FN:182,(anonymous_17)
FN:203,(anonymous_18)
FN:213,(anonymous_19)
FN:226,(anonymous_20)
FN:242,(anonymous_21)
FN:247,(anonymous_22)
FN:256,(anonymous_23)
FN:288,(anonymous_24)
FN:333,(anonymous_25)
FNF:26
FNH:22
FNDA:201,(anonymous_0)
FNDA:35,(anonymous_1)
FNDA:0,(anonymous_2)
FNDA:35,(anonymous_3)
FNDA:13,(anonymous_4)
FNDA:8,(anonymous_5)
FNDA:8,(anonymous_6)
FNDA:7,(anonymous_7)
FNDA:9,(anonymous_8)
FNDA:9,(anonymous_9)
FNDA:2,(anonymous_10)
FNDA:2,(anonymous_11)
FNDA:4,(anonymous_12)
FNDA:3,(anonymous_13)
FNDA:0,(anonymous_14)
FNDA:0,(anonymous_15)
FNDA:1,(anonymous_16)
FNDA:1,(anonymous_17)
FNDA:1,(anonymous_18)
FNDA:6,(anonymous_19)
FNDA:9,(anonymous_20)
FNDA:0,(anonymous_21)
FNDA:157,(anonymous_22)
FNDA:35,(anonymous_23)
FNDA:279,(anonymous_24)
FNDA:157,(anonymous_25)
DA:6,3
DA:7,201
DA:10,201
DA:11,201
DA:12,201
DA:13,201
DA:14,201
DA:17,201
DA:18,35
DA:19,35
DA:21,35
DA:22,35
DA:23,0
DA:26,35
DA:30,0
DA:33,35
DA:34,0
DA:35,0
DA:38,35
DA:39,35
DA:40,35
DA:43,0
DA:49,201
DA:50,13
DA:51,13
DA:56,201
DA:57,8
DA:59,8
DA:60,8
DA:61,8
DA:62,8
DA:64,8
DA:66,8
DA:72,7
DA:75,7
DA:77,7
DA:83,7
DA:85,7
DA:87,6
DA:88,9
DA:90,6
DA:91,6
DA:93,6
DA:94,6
DA:97,6
DA:98,9
DA:99,9
DA:100,9
DA:116,6
DA:122,6
DA:125,6
DA:136,6
DA:139,6
DA:140,6
DA:142,6
DA:143,2
DA:144,2
DA:155,4
DA:156,4
DA:168,0
DA:169,0
DA:181,1
DA:182,1
DA:194,1
DA:195,1
DA:196,1
DA:197,0
DA:198,1
DA:199,1
DA:200,0
DA:201,0
DA:203,1
DA:208,8
DA:213,201
DA:214,6
DA:216,6
DA:217,6
DA:218,0
DA:219,0
DA:220,0
DA:221,0
DA:223,0
DA:226,201
DA:227,9
DA:228,9
DA:229,9
DA:231,9
DA:232,3
DA:233,6
DA:234,0
DA:235,6
DA:236,0
DA:238,6
DA:242,201
DA:243,0
DA:247,201
DA:249,157
DA:250,0
DA:251,0
DA:256,201
DA:257,35
DA:258,27
DA:262,201
DA:289,279
DA:333,157
LF:105
LH:85
BRDA:19,0,0,35
BRDA:19,0,1,0
BRDA:22,1,0,0
BRDA:22,1,1,35
BRDA:50,2,0,13
BRDA:50,2,1,0
BRDA:50,3,0,13
BRDA:50,3,1,13
BRDA:57,4,0,0
BRDA:57,4,1,8
BRDA:75,5,0,7
BRDA:75,5,1,0
BRDA:85,6,0,6
BRDA:85,6,1,1
BRDA:85,7,0,7
BRDA:85,7,1,7
BRDA:85,7,2,7
BRDA:88,8,0,9
BRDA:88,8,1,9
BRDA:88,8,2,9
BRDA:91,9,0,6
BRDA:91,9,1,0
BRDA:104,10,0,9
BRDA:104,10,1,0
BRDA:105,11,0,9
BRDA:105,11,1,0
BRDA:106,12,0,9
BRDA:106,12,1,0
BRDA:116,13,0,6
BRDA:116,13,1,3
BRDA:116,13,2,3
BRDA:116,13,3,3
BRDA:131,14,0,6
BRDA:131,14,1,0
BRDA:142,15,0,2
BRDA:142,15,1,4
BRDA:161,16,0,2
BRDA:161,16,1,1
BRDA:196,17,0,0
BRDA:196,17,1,1
BRDA:196,18,0,1
BRDA:196,18,1,1
BRDA:198,19,0,1
BRDA:198,19,1,0
BRDA:200,20,0,0
BRDA:200,20,1,0
BRDA:216,21,0,6
BRDA:216,21,1,0
BRDA:218,22,0,0
BRDA:218,22,1,0
BRDA:220,23,0,0
BRDA:220,23,1,0
BRDA:227,24,0,9
BRDA:227,24,1,0
BRDA:228,25,0,9
BRDA:228,25,1,0
BRDA:231,26,0,3
BRDA:231,26,1,6
BRDA:233,27,0,0
BRDA:233,27,1,6
BRDA:235,28,0,0
BRDA:235,28,1,6
BRDA:249,29,0,0
BRDA:249,29,1,157
BRDA:249,30,0,157
BRDA:249,30,1,0
BRDA:257,31,0,27
BRDA:257,31,1,8
BRDA:257,32,0,35
BRDA:257,32,1,35
BRDA:257,32,2,35
BRDA:272,33,0,201
BRDA:272,33,1,201
BRDA:291,34,0,34
BRDA:291,34,1,245
BRDA:295,35,0,34
BRDA:295,35,1,245
BRDA:301,36,0,34
BRDA:301,36,1,245
BRDA:306,37,0,34
BRDA:306,37,1,245
BRDA:309,38,0,279
BRDA:309,38,1,279
BRDA:318,39,0,201
BRDA:318,39,1,8
BRDA:347,40,0,8
BRDA:347,40,1,193
BRDA:351,41,0,8
BRDA:351,41,1,193
BRDA:356,42,0,201
BRDA:356,42,1,0
BRF:91
BRH:65
end_of_record
TN:
SF:src/components/NewsTable.jsx
FN:8,(anonymous_0)
FN:14,(anonymous_1)
FN:15,(anonymous_2)
FN:17,(anonymous_3)
FN:33,(anonymous_4)
FN:56,(anonymous_5)
FN:68,(anonymous_6)
FN:112,(anonymous_7)
FN:121,(anonymous_8)
FN:127,(anonymous_9)
FN:139,(anonymous_10)
FN:158,(anonymous_11)
FN:159,(anonymous_12)
FN:160,(anonymous_13)
FN:161,(anonymous_14)
FN:169,(anonymous_15)
FN:170,(anonymous_16)
FN:171,(anonymous_17)
FN:172,(anonymous_18)
FN:177,(anonymous_19)
FNF:20
FNH:7
FNDA:23,(anonymous_0)
FNDA:10,(anonymous_1)
FNDA:10,(anonymous_2)
FNDA:16,(anonymous_3)
FNDA:23,(anonymous_4)
FNDA:0,(anonymous_5)
FNDA:0,(anonymous_6)
FNDA:0,(anonymous_7)
FNDA:0,(anonymous_8)
FNDA:0,(anonymous_9)
FNDA:0,(anonymous_10)
FNDA:0,(anonymous_11)
FNDA:0,(anonymous_12)
FNDA:15,(anonymous_13)
FNDA:0,(anonymous_14)
FNDA:0,(anonymous_15)
FNDA:0,(anonymous_16)
FNDA:0,(anonymous_17)
FNDA:0,(anonymous_18)
FNDA:23,(anonymous_19)
DA:8,3
DA:9,23
DA:10,23
DA:11,23
DA:14,23
DA:15,10
DA:17,10
DA:19,16
DA:21,12
DA:24,4
DA:27,10
DA:30,10
DA:33,23
DA:35,23
DA:36,23
DA:38,23
DA:39,23
DA:58,0
DA:59,0
DA:69,0
DA:70,0
DA:76,0
DA:77,0
DA:113,0
DA:114,0
DA:115,0
DA:117,0
DA:118,0
DA:119,0
DA:120,0
DA:121,0
DA:123,0
DA:124,0
DA:125,0
DA:126,0
DA:127,0
DA:129,0
DA:130,0
DA:131,0
DA:140,0
DA:141,0
DA:147,0
DA:156,15
DA:157,15
DA:166,0
DA:168,0
DA:177,23
DA:178,23
DA:179,23
DA:180,23
DA:182,0
DA:188,23
LF:52
LH:24
BRDA:19,0,0,12
BRDA:19,0,1,4
BRDA:19,1,0,16
BRDA:19,1,1,12
BRDA:36,2,0,23
BRDA:36,2,1,0
BRDA:58,3,0,0
BRDA:58,3,1,0
BRDA:76,4,0,0
BRDA:76,4,1,0
BRDA:147,5,0,0
BRDA:147,5,1,0
BRDA:178,6,0,23
BRDA:178,6,1,0
BRDA:178,7,0,23
BRDA:178,7,1,23
BRF:16
BRH:8
end_of_record
TN:
SF:src/components/RebuildButton.jsx
FN:3,(anonymous_0)
FN:8,(anonymous_1)
FN:24,(anonymous_2)
FN:29,(anonymous_3)
FN:33,(anonymous_4)
FN:34,(anonymous_5)
FN:45,(anonymous_6)
FN:48,(anonymous_7)
FN:56,(anonymous_8)
FN:80,(anonymous_9)
FNF:10
FNH:1
FNDA:14,(anonymous_0)
FNDA:0,(anonymous_1)
FNDA:0,(anonymous_2)
FNDA:0,(anonymous_3)
FNDA:0,(anonymous_4)
FNDA:0,(anonymous_5)
FNDA:0,(anonymous_6)
FNDA:0,(anonymous_7)
FNDA:0,(anonymous_8)
FNDA:0,(anonymous_9)
DA:3,2
DA:4,14
DA:5,14
DA:6,14
DA:8,14
DA:9,0
DA:11,0
DA:12,0
DA:13,0
DA:14,0
DA:16,0
DA:20,0
DA:21,0
DA:24,0
DA:27,0
DA:28,0
DA:29,0
DA:30,0
DA:31,0
DA:32,0
DA:33,0
DA:34,0
DA:35,0
DA:37,0
DA:43,0
DA:44,0
DA:45,0
DA:46,0
DA:48,0
DA:49,0
DA:53,0
DA:56,0
DA:57,0
DA:61,14
DA:80,0
LF:35
LH:6
BRDA:9,0,0,0
BRDA:9,0,1,0
BRDA:20,1,0,0
BRDA:20,1,1,0
BRDA:32,2,0,0
BRDA:32,2,1,0
BRDA:44,3,0,0
BRDA:44,3,1,0
BRDA:67,4,0,0
BRDA:67,4,1,14
BRDA:72,5,0,0
BRDA:72,5,1,14
BRDA:75,6,0,14
BRDA:75,6,1,0
BRF:14
BRH:3
end_of_record
TN:
SF:src/utils/apiHelper.js
FN:13,(anonymous_0)
FN:29,(anonymous_1)
FN:47,(anonymous_2)
FN:60,(anonymous_3)
FN:77,simplifyPrompt
FN:92,extractMainTopic
FN:123,(anonymous_6)
FNF:7
FNH:5
FNDA:7,(anonymous_0)
FNDA:6,(anonymous_1)
FNDA:0,(anonymous_2)
FNDA:2,(anonymous_3)
FNDA:2,simplifyPrompt
FNDA:2,extractMainTopic
FNDA:0,(anonymous_6)
DA:13,2
DA:18,7
DA:20,7
DA:21,7
DA:22,7
DA:24,7
DA:25,9
DA:26,9
DA:28,9
DA:29,9
DA:31,9
DA:44,4
DA:46,4
DA:47,1
DA:48,1
DA:51,3
DA:53,6
DA:54,6
DA:57,6
DA:58,2
DA:60,2
DA:62,4
DA:68,4
DA:78,2
DA:80,2
DA:83,0
DA:94,2
DA:95,2
DA:96,0
DA:99,2
DA:100,2
DA:101,0
DA:105,2
DA:110,2
DA:112,0
DA:115,2
DA:123,2
DA:124,0
DA:125,0
DA:126,0
DA:133,0
DA:134,0
DA:137,0
DA:139,0
DA:142,0
DA:143,0
DA:150,0
DA:151,0
DA:154,0
LF:49
LH:33
BRDA:13,0,0,2
BRDA:15,1,0,2
BRDA:16,2,0,6
BRDA:17,3,0,7
BRDA:26,4,0,0
BRDA:26,4,1,9
BRDA:46,5,0,1
BRDA:46,5,1,3
BRDA:48,6,0,1
BRDA:48,6,1,0
BRDA:57,7,0,2
BRDA:57,7,1,4
BRDA:57,8,0,6
BRDA:57,8,1,2
BRDA:68,9,0,4
BRDA:68,9,1,0
BRDA:78,10,0,2
BRDA:78,10,1,0
BRDA:95,11,0,0
BRDA:95,11,1,2
BRDA:95,12,0,2
BRDA:95,12,1,0
BRDA:100,13,0,0
BRDA:100,13,1,2
BRDA:100,14,0,2
BRDA:100,14,1,0
BRDA:110,15,0,0
BRDA:110,15,1,2
BRDA:123,16,0,0
BRDA:133,17,0,0
BRDA:133,17,1,0
BRDA:150,18,0,0
BRDA:150,18,1,0
BRF:33
BRH:19
end_of_record
